<beans xmlns="http://www.springframework.org/schema/beans"
       xmlns:xsi="http://www.w3.org/2001/XMLSchema-instance"
       xmlns:jdbc="http://www.springframework.org/schema/jdbc"
       xsi:schemaLocation="http://www.springframework.org/schema/beans
       http://www.springframework.org/schema/beans/spring-beans-3.2.xsd
       http://www.springframework.org/schema/jdbc
       http://www.springframework.org/schema/jdbc/spring-jdbc.xsd">

    <import resource="context.xml"/>

    <!-- Set up H2 database -->
    <jdbc:embedded-database id="dataSource" type="H2">
        <jdbc:script location="classpath:create-db.sql" />
        <jdbc:script location="classpath:insert-data.sql" />
    </jdbc:embedded-database>

</beans>